2025-12-08 15:15:55.166 [info] Reading sessions from keychain...
2025-12-08 15:15:55.166 [info] Got stored sessions!
2025-12-08 15:15:55.166 [info] Got 1 verified sessions.
2025-12-08 15:15:55.166 [info] Getting sessions for all scopes...
2025-12-08 15:15:55.166 [info] Got 1 sessions for ...
2025-12-08 15:15:55.166 [info] Getting sessions for all scopes...
2025-12-08 15:15:55.166 [info] Got 1 sessions for ...
2025-12-08 15:15:55.166 [info] Getting sessions for all scopes...
2025-12-08 15:15:55.166 [info] Got 1 sessions for ...
2025-12-08 15:15:55.166 [info] Getting sessions for all scopes...
2025-12-08 15:15:55.166 [info] Got 1 sessions for ...
2025-12-08 15:15:55.166 [info] Getting sessions for all scopes...
2025-12-08 15:15:55.166 [info] Got 1 sessions for ...
2025-12-08 15:15:55.166 [info] Getting sessions for all scopes...
2025-12-08 15:15:55.166 [info] Got 1 sessions for ...
2025-12-08 15:15:55.166 [info] Getting sessions for all scopes...
2025-12-08 15:15:55.166 [info] Got 1 sessions for ...
2025-12-08 15:15:55.166 [info] Getting sessions for all scopes...
2025-12-08 15:15:55.166 [info] Got 1 sessions for ...
2025-12-08 15:15:55.166 [info] Getting sessions for all scopes...
2025-12-08 15:15:55.166 [info] Got 1 sessions for ...
2025-12-08 15:15:55.166 [info] Getting sessions for all scopes...
2025-12-08 15:15:55.166 [info] Got 1 sessions for ...
2025-12-08 15:15:55.166 [info] Getting sessions for all scopes...
2025-12-08 15:15:55.166 [info] Got 1 sessions for ...
2025-12-08 15:15:55.166 [info] Getting sessions for all scopes...
2025-12-08 15:15:55.166 [info] Got 1 sessions for ...
2025-12-08 15:15:55.166 [info] Getting sessions for all scopes...
2025-12-08 15:15:55.166 [info] Got 1 sessions for ...
2025-12-08 15:15:55.166 [info] Getting sessions for all scopes...
2025-12-08 15:15:55.166 [info] Got 1 sessions for ...
2025-12-08 15:15:55.166 [info] Getting sessions for all scopes...
2025-12-08 15:15:55.166 [info] Got 1 sessions for ...
2025-12-08 15:15:55.166 [info] Getting sessions for all scopes...
2025-12-08 15:15:55.166 [info] Got 1 sessions for ...
2025-12-08 15:15:55.166 [info] Getting sessions for all scopes...
2025-12-08 15:15:55.166 [info] Got 1 sessions for ...
2025-12-08 15:15:55.166 [info] Getting sessions for all scopes...
2025-12-08 15:15:55.166 [info] Got 1 sessions for ...
2025-12-08 15:15:55.166 [info] Getting sessions for read:user,repo,user:email,workflow...
2025-12-08 15:15:55.166 [info] Got 1 sessions for read:user,repo,user:email,workflow...
2025-12-08 15:15:55.187 [info] Getting sessions for all scopes...
2025-12-08 15:15:55.187 [info] Got 1 sessions for ...
2025-12-08 15:15:55.188 [info] Getting sessions for read:user,repo,user:email,workflow...
2025-12-08 15:15:55.188 [info] Got 1 sessions for read:user,repo,user:email,workflow...
2025-12-08 15:15:55.296 [info] Getting sessions for all scopes...
2025-12-08 15:15:55.296 [info] Got 1 sessions for ...
2025-12-08 15:15:55.300 [info] Getting sessions for all scopes...
2025-12-08 15:15:55.300 [info] Got 1 sessions for ...
2025-12-08 15:15:55.300 [info] Getting sessions for all scopes...
2025-12-08 15:15:55.300 [info] Got 1 sessions for ...
2025-12-08 15:15:55.300 [info] Getting sessions for all scopes...
2025-12-08 15:15:55.300 [info] Got 1 sessions for ...
2025-12-08 15:15:55.309 [info] Getting sessions for read:user,repo,user:email,workflow...
2025-12-08 15:15:55.309 [info] Got 1 sessions for read:user,repo,user:email,workflow...
2025-12-08 15:15:55.639 [info] Getting sessions for all scopes...
2025-12-08 15:15:55.639 [info] Got 1 sessions for ...
2025-12-08 15:15:55.639 [info] Getting sessions for all scopes...
2025-12-08 15:15:55.639 [info] Got 1 sessions for ...
2025-12-08 15:15:55.646 [info] Getting sessions for read:user,repo,user:email,workflow...
2025-12-08 15:15:55.646 [info] Got 1 sessions for read:user,repo,user:email,workflow...
2025-12-08 15:15:55.687 [info] Getting sessions for all scopes...
2025-12-08 15:15:55.687 [info] Got 1 sessions for ...
2025-12-08 15:15:55.689 [info] Getting sessions for all scopes...
2025-12-08 15:15:55.689 [info] Got 1 sessions for ...
2025-12-08 15:15:55.689 [info] Getting sessions for all scopes...
2025-12-08 15:15:55.689 [info] Got 1 sessions for ...
2025-12-08 15:15:55.689 [info] Getting sessions for all scopes...
2025-12-08 15:15:55.689 [info] Got 1 sessions for ...
2025-12-08 15:15:55.691 [info] Getting sessions for read:user,repo,user:email,workflow...
2025-12-08 15:15:55.691 [info] Got 1 sessions for read:user,repo,user:email,workflow...
2025-12-08 15:15:56.231 [info] FetcherService: Electron fetch failed with status: 429 
2025-12-08 15:15:56.330 [info] Getting sessions for all scopes...
2025-12-08 15:15:56.330 [info] Got 1 sessions for ...
2025-12-08 15:15:56.469 [info] FetcherService: Node fetch failed with status: 429 Too Many Requests
2025-12-08 15:15:56.711 [info] FetcherService: Node http/s failed with status: 429 Too Many Requests
