2025-12-08 14:39:45.467 [info] Reading sessions from keychain...
2025-12-08 14:39:45.467 [info] Got stored sessions!
2025-12-08 14:39:45.467 [info] Got 1 verified sessions.
2025-12-08 14:39:45.467 [info] Getting sessions for all scopes...
2025-12-08 14:39:45.467 [info] Got 1 sessions for ...
2025-12-08 14:39:45.467 [info] Getting sessions for all scopes...
2025-12-08 14:39:45.467 [info] Got 1 sessions for ...
2025-12-08 14:39:45.467 [info] Getting sessions for all scopes...
2025-12-08 14:39:45.467 [info] Got 1 sessions for ...
2025-12-08 14:39:45.467 [info] Getting sessions for all scopes...
2025-12-08 14:39:45.467 [info] Got 1 sessions for ...
2025-12-08 14:39:45.467 [info] Getting sessions for all scopes...
2025-12-08 14:39:45.467 [info] Got 1 sessions for ...
2025-12-08 14:39:45.467 [info] Getting sessions for all scopes...
2025-12-08 14:39:45.467 [info] Got 1 sessions for ...
2025-12-08 14:39:45.467 [info] Getting sessions for all scopes...
2025-12-08 14:39:45.467 [info] Got 1 sessions for ...
2025-12-08 14:39:45.467 [info] Getting sessions for all scopes...
2025-12-08 14:39:45.467 [info] Got 1 sessions for ...
2025-12-08 14:39:45.467 [info] Getting sessions for all scopes...
2025-12-08 14:39:45.467 [info] Got 1 sessions for ...
2025-12-08 14:39:45.467 [info] Getting sessions for all scopes...
2025-12-08 14:39:45.467 [info] Got 1 sessions for ...
2025-12-08 14:39:45.467 [info] Getting sessions for all scopes...
2025-12-08 14:39:45.467 [info] Got 1 sessions for ...
2025-12-08 14:39:45.467 [info] Getting sessions for all scopes...
2025-12-08 14:39:45.467 [info] Got 1 sessions for ...
2025-12-08 14:39:45.468 [info] Getting sessions for all scopes...
2025-12-08 14:39:45.468 [info] Got 1 sessions for ...
2025-12-08 14:39:45.468 [info] Getting sessions for all scopes...
2025-12-08 14:39:45.468 [info] Got 1 sessions for ...
2025-12-08 14:39:45.468 [info] Getting sessions for all scopes...
2025-12-08 14:39:45.468 [info] Got 1 sessions for ...
2025-12-08 14:39:45.468 [info] Getting sessions for all scopes...
2025-12-08 14:39:45.468 [info] Got 1 sessions for ...
2025-12-08 14:39:45.468 [info] Getting sessions for all scopes...
2025-12-08 14:39:45.468 [info] Got 1 sessions for ...
2025-12-08 14:39:45.468 [info] Getting sessions for all scopes...
2025-12-08 14:39:45.468 [info] Got 1 sessions for ...
2025-12-08 14:39:45.468 [info] Getting sessions for read:user,repo,user:email,workflow...
2025-12-08 14:39:45.468 [info] Got 1 sessions for read:user,repo,user:email,workflow...
2025-12-08 14:39:45.501 [info] Getting sessions for all scopes...
2025-12-08 14:39:45.501 [info] Got 1 sessions for ...
2025-12-08 14:39:45.501 [info] Getting sessions for read:user,repo,user:email,workflow...
2025-12-08 14:39:45.501 [info] Got 1 sessions for read:user,repo,user:email,workflow...
2025-12-08 14:39:45.672 [info] Getting sessions for all scopes...
2025-12-08 14:39:45.672 [info] Got 1 sessions for ...
2025-12-08 14:39:45.691 [info] Getting sessions for all scopes...
2025-12-08 14:39:45.691 [info] Got 1 sessions for ...
2025-12-08 14:39:45.692 [info] Getting sessions for all scopes...
2025-12-08 14:39:45.692 [info] Got 1 sessions for ...
2025-12-08 14:39:45.692 [info] Getting sessions for all scopes...
2025-12-08 14:39:45.692 [info] Got 1 sessions for ...
2025-12-08 14:39:45.738 [info] Getting sessions for read:user,repo,user:email,workflow...
2025-12-08 14:39:45.738 [info] Got 1 sessions for read:user,repo,user:email,workflow...
2025-12-08 14:39:46.629 [info] FetcherService: Electron fetch failed with status: 429 
2025-12-08 14:39:46.755 [info] Getting sessions for all scopes...
2025-12-08 14:39:46.755 [info] Got 1 sessions for ...
2025-12-08 14:39:46.825 [info] Getting sessions for all scopes...
2025-12-08 14:39:46.825 [info] Got 1 sessions for ...
2025-12-08 14:39:46.825 [info] Getting sessions for all scopes...
2025-12-08 14:39:46.825 [info] Got 1 sessions for ...
2025-12-08 14:39:46.833 [info] Getting sessions for read:user,repo,user:email,workflow...
2025-12-08 14:39:46.833 [info] Got 1 sessions for read:user,repo,user:email,workflow...
2025-12-08 14:39:46.869 [info] FetcherService: Node fetch failed with status: 429 Too Many Requests
2025-12-08 14:39:46.882 [info] Getting sessions for all scopes...
2025-12-08 14:39:46.882 [info] Got 1 sessions for ...
2025-12-08 14:39:46.883 [info] Getting sessions for all scopes...
2025-12-08 14:39:46.883 [info] Got 1 sessions for ...
2025-12-08 14:39:46.884 [info] Getting sessions for all scopes...
2025-12-08 14:39:46.884 [info] Got 1 sessions for ...
2025-12-08 14:39:46.884 [info] Getting sessions for all scopes...
2025-12-08 14:39:46.884 [info] Got 1 sessions for ...
2025-12-08 14:39:46.886 [info] Getting sessions for read:user,repo,user:email,workflow...
2025-12-08 14:39:46.886 [info] Got 1 sessions for read:user,repo,user:email,workflow...
2025-12-08 14:39:47.095 [info] FetcherService: Node http/s failed with status: 429 Too Many Requests
