2025-12-08 01:17:59 Loading main app package /usr/lib/obsidian/obsidian.asar
2025-12-08 01:17:59 Checking for update using Github
2025-12-08 01:17:59 Success.
2025-12-08 01:17:59 Latest version is 1.10.6
2025-12-08 01:17:59 App is up to date.
2025-12-08 02:17:59 Checking for update using Github
2025-12-08 02:17:59 Success.
2025-12-08 02:17:59 Latest version is 1.10.6
2025-12-08 02:17:59 App is up to date.
2025-12-08 04:11:32 Loading main app package /usr/lib/obsidian/obsidian.asar
2025-12-08 04:11:32 Checking for update using Github
2025-12-08 04:11:32 Success.
2025-12-08 04:11:32 Latest version is 1.10.6
2025-12-08 04:11:32 App is up to date.
2025-12-08 04:18:56 Loading main app package /usr/lib/obsidian/obsidian.asar
2025-12-08 04:18:56 Checking for update using Github
2025-12-08 04:18:56 Success.
2025-12-08 04:18:56 Latest version is 1.10.6
2025-12-08 04:18:56 App is up to date.
2025-12-08 04:22:33 Loading main app package /usr/lib/obsidian/obsidian.asar
2025-12-08 04:22:33 Checking for update using Github
2025-12-08 05:35:32 Loading main app package /usr/lib/obsidian/obsidian.asar
2025-12-08 05:35:32 Checking for update using Github
2025-12-08 05:35:33 Success.
2025-12-08 05:35:33 Latest version is 1.10.6
2025-12-08 05:35:33 App is up to date.
2025-12-08 18:18:19 Loading main app package /usr/lib/obsidian/obsidian.asar
2025-12-08 18:18:19 Checking for update using Github
2025-12-08 18:18:19 Success.
2025-12-08 18:18:19 Latest version is 1.10.6
2025-12-08 18:18:19 App is up to date.
2025-12-08 19:18:19 Checking for update using Github
2025-12-08 19:18:19 Success.
2025-12-08 19:18:19 Latest version is 1.10.6
2025-12-08 19:18:19 App is up to date.
2025-12-08 20:18:19 Checking for update using Github
2025-12-08 20:18:19 Success.
2025-12-08 20:18:19 Latest version is 1.10.6
2025-12-08 20:18:19 App is up to date.
2025-12-08 21:18:19 Checking for update using Github
2025-12-08 21:18:19 Success.
2025-12-08 21:18:19 Latest version is 1.10.6
2025-12-08 21:18:19 App is up to date.
2025-12-08 22:18:19 Checking for update using Github
2025-12-08 22:18:19 Success.
2025-12-08 22:18:19 Latest version is 1.10.6
2025-12-08 22:18:19 App is up to date.
