2025-12-08 15:10:16.632 [info] Reading sessions from keychain...
2025-12-08 15:10:16.632 [info] Got stored sessions!
2025-12-08 15:10:16.632 [info] Got 1 verified sessions.
2025-12-08 15:10:16.632 [info] Getting sessions for all scopes...
2025-12-08 15:10:16.632 [info] Got 1 sessions for ...
2025-12-08 15:10:16.632 [info] Getting sessions for all scopes...
2025-12-08 15:10:16.632 [info] Got 1 sessions for ...
2025-12-08 15:10:16.632 [info] Getting sessions for all scopes...
2025-12-08 15:10:16.632 [info] Got 1 sessions for ...
2025-12-08 15:10:16.632 [info] Getting sessions for all scopes...
2025-12-08 15:10:16.632 [info] Got 1 sessions for ...
2025-12-08 15:10:16.632 [info] Getting sessions for all scopes...
2025-12-08 15:10:16.632 [info] Got 1 sessions for ...
2025-12-08 15:10:16.632 [info] Getting sessions for all scopes...
2025-12-08 15:10:16.632 [info] Got 1 sessions for ...
2025-12-08 15:10:16.632 [info] Getting sessions for all scopes...
2025-12-08 15:10:16.632 [info] Got 1 sessions for ...
2025-12-08 15:10:16.632 [info] Getting sessions for all scopes...
2025-12-08 15:10:16.632 [info] Got 1 sessions for ...
2025-12-08 15:10:16.632 [info] Getting sessions for all scopes...
2025-12-08 15:10:16.632 [info] Got 1 sessions for ...
2025-12-08 15:10:16.632 [info] Getting sessions for all scopes...
2025-12-08 15:10:16.632 [info] Got 1 sessions for ...
2025-12-08 15:10:16.632 [info] Getting sessions for all scopes...
2025-12-08 15:10:16.632 [info] Got 1 sessions for ...
2025-12-08 15:10:16.632 [info] Getting sessions for all scopes...
2025-12-08 15:10:16.632 [info] Got 1 sessions for ...
2025-12-08 15:10:16.632 [info] Getting sessions for all scopes...
2025-12-08 15:10:16.632 [info] Got 1 sessions for ...
2025-12-08 15:10:16.632 [info] Getting sessions for all scopes...
2025-12-08 15:10:16.632 [info] Got 1 sessions for ...
2025-12-08 15:10:16.632 [info] Getting sessions for all scopes...
2025-12-08 15:10:16.632 [info] Got 1 sessions for ...
2025-12-08 15:10:16.632 [info] Getting sessions for all scopes...
2025-12-08 15:10:16.632 [info] Got 1 sessions for ...
2025-12-08 15:10:16.632 [info] Getting sessions for all scopes...
2025-12-08 15:10:16.632 [info] Got 1 sessions for ...
2025-12-08 15:10:16.632 [info] Getting sessions for all scopes...
2025-12-08 15:10:16.632 [info] Got 1 sessions for ...
2025-12-08 15:10:16.632 [info] Getting sessions for read:user,repo,user:email,workflow...
2025-12-08 15:10:16.632 [info] Got 1 sessions for read:user,repo,user:email,workflow...
2025-12-08 15:10:16.653 [info] Getting sessions for all scopes...
2025-12-08 15:10:16.653 [info] Got 1 sessions for ...
2025-12-08 15:10:16.653 [info] Getting sessions for read:user,repo,user:email,workflow...
2025-12-08 15:10:16.653 [info] Got 1 sessions for read:user,repo,user:email,workflow...
2025-12-08 15:10:16.825 [info] Getting sessions for all scopes...
2025-12-08 15:10:16.825 [info] Got 1 sessions for ...
2025-12-08 15:10:16.828 [info] Getting sessions for all scopes...
2025-12-08 15:10:16.828 [info] Got 1 sessions for ...
2025-12-08 15:10:16.829 [info] Getting sessions for all scopes...
2025-12-08 15:10:16.829 [info] Got 1 sessions for ...
2025-12-08 15:10:16.829 [info] Getting sessions for all scopes...
2025-12-08 15:10:16.829 [info] Got 1 sessions for ...
2025-12-08 15:10:16.830 [info] Getting sessions for read:user,repo,user:email,workflow...
2025-12-08 15:10:16.830 [info] Got 1 sessions for read:user,repo,user:email,workflow...
2025-12-08 15:10:17.136 [info] Getting sessions for all scopes...
2025-12-08 15:10:17.136 [info] Got 1 sessions for ...
2025-12-08 15:10:17.136 [info] Getting sessions for all scopes...
2025-12-08 15:10:17.136 [info] Got 1 sessions for ...
2025-12-08 15:10:17.144 [info] Getting sessions for read:user,repo,user:email,workflow...
2025-12-08 15:10:17.144 [info] Got 1 sessions for read:user,repo,user:email,workflow...
2025-12-08 15:10:17.187 [info] Getting sessions for all scopes...
2025-12-08 15:10:17.187 [info] Got 1 sessions for ...
2025-12-08 15:10:17.188 [info] Getting sessions for all scopes...
2025-12-08 15:10:17.188 [info] Got 1 sessions for ...
2025-12-08 15:10:17.188 [info] Getting sessions for all scopes...
2025-12-08 15:10:17.188 [info] Got 1 sessions for ...
2025-12-08 15:10:17.188 [info] Getting sessions for all scopes...
2025-12-08 15:10:17.188 [info] Got 1 sessions for ...
2025-12-08 15:10:17.190 [info] Getting sessions for read:user,repo,user:email,workflow...
2025-12-08 15:10:17.190 [info] Got 1 sessions for read:user,repo,user:email,workflow...
2025-12-08 15:10:17.752 [info] FetcherService: Electron fetch failed with status: 429 
2025-12-08 15:10:18.011 [info] Getting sessions for all scopes...
2025-12-08 15:10:18.011 [info] Got 1 sessions for ...
2025-12-08 15:10:18.013 [info] FetcherService: Node fetch failed with status: 429 Too Many Requests
2025-12-08 15:10:18.299 [info] FetcherService: Node http/s failed with status: 429 Too Many Requests
